This file contains any messages produced by compilers while
running configure, to aid debugging if configure makes a mistake.

It was created by embedded configure v1.0, which was
generated by GNU Autoconf 2.68.  Invocation command line was

  $ ./configure --prefix=/home/xianb/WorkSpace/nfs --host=arm-linux-gnueabi

## --------- ##
## Platform. ##
## --------- ##

hostname = xianb
uname -m = x86_64
uname -r = 3.11.0-26-generic
uname -s = Linux
uname -v = #45~precise1-Ubuntu SMP Tue Jul 15 04:02:35 UTC 2014

/usr/bin/uname -p = unknown
/bin/uname -X     = unknown

/bin/arch              = unknown
/usr/bin/arch -k       = unknown
/usr/convex/getsysinfo = unknown
/usr/bin/hostinfo      = unknown
/bin/machine           = unknown
/usr/bin/oslevel       = unknown
/bin/universe          = unknown

PATH: /usr/lib/lightdm/lightdm
PATH: /usr/local/sbin
PATH: /usr/local/bin
PATH: /usr/sbin
PATH: /usr/bin
PATH: /sbin
PATH: /bin
PATH: /usr/games
PATH: /home/xianb/WorkSpace/compiler/bin/sbin
PATH: /usr/local/bin/bochs


## ----------- ##
## Core tests. ##
## ----------- ##

configure:2222: checking for a BSD-compatible install
configure:2290: result: /usr/bin/install -c
configure:2301: checking whether build environment is sane
configure:2351: result: yes
configure:2400: checking for arm-linux-gnueabi-strip
configure:2416: found /usr/bin/arm-linux-gnueabi-strip
configure:2427: result: arm-linux-gnueabi-strip
configure:2492: checking for a thread-safe mkdir -p
configure:2531: result: /bin/mkdir -p
configure:2544: checking for gawk
configure:2574: result: no
configure:2544: checking for mawk
configure:2560: found /usr/bin/mawk
configure:2571: result: mawk
configure:2582: checking whether make sets $(MAKE)
configure:2604: result: yes
configure:2694: checking for arm-linux-gnueabi-gcc
configure:2710: found /usr/bin/arm-linux-gnueabi-gcc
configure:2721: result: arm-linux-gnueabi-gcc
configure:2990: checking for C compiler version
configure:2999: arm-linux-gnueabi-gcc --version >&5
arm-linux-gnueabi-gcc (Ubuntu/Linaro 4.6.3-1ubuntu5) 4.6.3
Copyright (C) 2011 Free Software Foundation, Inc.
This is free software; see the source for copying conditions.  There is NO
warranty; not even for MERCHANTABILITY or FITNESS FOR A PARTICULAR PURPOSE.

configure:3010: $? = 0
configure:2999: arm-linux-gnueabi-gcc -v >&5
Using built-in specs.
COLLECT_GCC=arm-linux-gnueabi-gcc
COLLECT_LTO_WRAPPER=/usr/lib/gcc/arm-linux-gnueabi/4.6/lto-wrapper
Target: arm-linux-gnueabi
Configured with: ../src/configure -v --with-pkgversion='Ubuntu/Linaro 4.6.3-1ubuntu5' --with-bugurl=file:///usr/share/doc/gcc-4.6/README.Bugs --enable-languages=c,c++,fortran,objc,obj-c++ --prefix=/usr --program-suffix=-4.6 --enable-shared --enable-linker-build-id --with-system-zlib --libexecdir=/usr/lib --without-included-gettext --enable-threads=posix --with-gxx-include-dir=/usr/arm-linux-gnueabi/include/c++/4.6.3 --libdir=/usr/lib --enable-nls --enable-clocale=gnu --enable-libstdcxx-debug --enable-libstdcxx-time=yes --enable-gnu-unique-object --enable-plugin --enable-objc-gc --enable-multilib --disable-sjlj-exceptions --with-arch=armv7-a --with-float=softfp --with-fpu=vfpv3-d16 --with-mode=thumb --disable-werror --enable-checking=release --build=x86_64-linux-gnu --host=x86_64-linux-gnu --target=arm-linux-gnueabi --program-prefix=arm-linux-gnueabi- --includedir=/usr/arm-linux-gnueabi/include --with-headers=/usr/arm-linux-gnueabi/include --with-libs=/usr/arm-linux-gnueabi/lib
Thread model: posix
gcc version 4.6.3 (Ubuntu/Linaro 4.6.3-1ubuntu5) 
configure:3010: $? = 0
configure:2999: arm-linux-gnueabi-gcc -V >&5
arm-linux-gnueabi-gcc: fatal error: no input files
compilation terminated.
configure:3010: $? = 4
configure:2999: arm-linux-gnueabi-gcc -qversion >&5
arm-linux-gnueabi-gcc: fatal error: no input files
compilation terminated.
configure:3010: $? = 4
configure:3030: checking whether the C compiler works
configure:3052: arm-linux-gnueabi-gcc    conftest.c  >&5
configure:3056: $? = 0
configure:3104: result: yes
configure:3107: checking for C compiler default output file name
configure:3109: result: a.out
configure:3115: checking for suffix of executables
configure:3122: arm-linux-gnueabi-gcc -o conftest    conftest.c  >&5
configure:3126: $? = 0
configure:3148: result: 
configure:3170: checking whether we are cross compiling
configure:3178: arm-linux-gnueabi-gcc -o conftest    conftest.c  >&5
configure:3182: $? = 0
configure:3189: ./conftest
./configure: line 3191: ./conftest: cannot execute binary file
configure:3193: $? = 126
configure:3208: result: yes
configure:3213: checking for suffix of object files
configure:3235: arm-linux-gnueabi-gcc -c   conftest.c >&5
configure:3239: $? = 0
configure:3260: result: o
configure:3264: checking whether we are using the GNU C compiler
configure:3283: arm-linux-gnueabi-gcc -c   conftest.c >&5
configure:3283: $? = 0
configure:3292: result: yes
configure:3301: checking whether arm-linux-gnueabi-gcc accepts -g
configure:3321: arm-linux-gnueabi-gcc -c -g  conftest.c >&5
configure:3321: $? = 0
configure:3362: result: yes
configure:3379: checking for arm-linux-gnueabi-gcc option to accept ISO C89
configure:3443: arm-linux-gnueabi-gcc  -c -g -O2  conftest.c >&5
configure:3443: $? = 0
configure:3456: result: none needed
configure:3487: checking for style of include used by make
configure:3515: result: GNU
configure:3541: checking dependency style of arm-linux-gnueabi-gcc
configure:3652: result: gcc3
configure:3677: checking how to run the C preprocessor
configure:3708: arm-linux-gnueabi-gcc -E  conftest.c
configure:3708: $? = 0
configure:3722: arm-linux-gnueabi-gcc -E  conftest.c
conftest.c:11:28: fatal error: ac_nonexistent.h: No such file or directory
compilation terminated.
configure:3722: $? = 1
configure: failed program was:
| /* confdefs.h */
| #define PACKAGE_NAME "embedded"
| #define PACKAGE_TARNAME "embedded"
| #define PACKAGE_VERSION "v1.0"
| #define PACKAGE_STRING "embedded v1.0"
| #define PACKAGE_BUGREPORT "txianb@gmail.com"
| #define PACKAGE_URL ""
| #define PACKAGE "embedded"
| #define VERSION "v1.0"
| /* end confdefs.h.  */
| #include <ac_nonexistent.h>
configure:3747: result: arm-linux-gnueabi-gcc -E
configure:3767: arm-linux-gnueabi-gcc -E  conftest.c
configure:3767: $? = 0
configure:3781: arm-linux-gnueabi-gcc -E  conftest.c
conftest.c:11:28: fatal error: ac_nonexistent.h: No such file or directory
compilation terminated.
configure:3781: $? = 1
configure: failed program was:
| /* confdefs.h */
| #define PACKAGE_NAME "embedded"
| #define PACKAGE_TARNAME "embedded"
| #define PACKAGE_VERSION "v1.0"
| #define PACKAGE_STRING "embedded v1.0"
| #define PACKAGE_BUGREPORT "txianb@gmail.com"
| #define PACKAGE_URL ""
| #define PACKAGE "embedded"
| #define VERSION "v1.0"
| /* end confdefs.h.  */
| #include <ac_nonexistent.h>
configure:3810: checking for grep that handles long lines and -e
configure:3868: result: /bin/grep
configure:3873: checking for egrep
configure:3935: result: /bin/grep -E
configure:3940: checking for ANSI C header files
configure:3960: arm-linux-gnueabi-gcc -c -g -O2  conftest.c >&5
configure:3960: $? = 0
configure:4044: result: yes
configure:4057: checking for sys/types.h
configure:4057: arm-linux-gnueabi-gcc -c -g -O2  conftest.c >&5
configure:4057: $? = 0
configure:4057: result: yes
configure:4057: checking for sys/stat.h
configure:4057: arm-linux-gnueabi-gcc -c -g -O2  conftest.c >&5
configure:4057: $? = 0
configure:4057: result: yes
configure:4057: checking for stdlib.h
configure:4057: arm-linux-gnueabi-gcc -c -g -O2  conftest.c >&5
configure:4057: $? = 0
configure:4057: result: yes
configure:4057: checking for string.h
configure:4057: arm-linux-gnueabi-gcc -c -g -O2  conftest.c >&5
configure:4057: $? = 0
configure:4057: result: yes
configure:4057: checking for memory.h
configure:4057: arm-linux-gnueabi-gcc -c -g -O2  conftest.c >&5
configure:4057: $? = 0
configure:4057: result: yes
configure:4057: checking for strings.h
configure:4057: arm-linux-gnueabi-gcc -c -g -O2  conftest.c >&5
configure:4057: $? = 0
configure:4057: result: yes
configure:4057: checking for inttypes.h
configure:4057: arm-linux-gnueabi-gcc -c -g -O2  conftest.c >&5
configure:4057: $? = 0
configure:4057: result: yes
configure:4057: checking for stdint.h
configure:4057: arm-linux-gnueabi-gcc -c -g -O2  conftest.c >&5
configure:4057: $? = 0
configure:4057: result: yes
configure:4057: checking for unistd.h
configure:4057: arm-linux-gnueabi-gcc -c -g -O2  conftest.c >&5
configure:4057: $? = 0
configure:4057: result: yes
configure:4072: checking fcntl.h usability
configure:4072: arm-linux-gnueabi-gcc -c -g -O2  conftest.c >&5
configure:4072: $? = 0
configure:4072: result: yes
configure:4072: checking fcntl.h presence
configure:4072: arm-linux-gnueabi-gcc -E  conftest.c
configure:4072: $? = 0
configure:4072: result: yes
configure:4072: checking for fcntl.h
configure:4072: result: yes
configure:4072: checking malloc.h usability
configure:4072: arm-linux-gnueabi-gcc -c -g -O2  conftest.c >&5
configure:4072: $? = 0
configure:4072: result: yes
configure:4072: checking malloc.h presence
configure:4072: arm-linux-gnueabi-gcc -E  conftest.c
configure:4072: $? = 0
configure:4072: result: yes
configure:4072: checking for malloc.h
configure:4072: result: yes
configure:4072: checking for stdlib.h
configure:4072: result: yes
configure:4072: checking for string.h
configure:4072: result: yes
configure:4072: checking sys/ioctl.h usability
configure:4072: arm-linux-gnueabi-gcc -c -g -O2  conftest.c >&5
configure:4072: $? = 0
configure:4072: result: yes
configure:4072: checking sys/ioctl.h presence
configure:4072: arm-linux-gnueabi-gcc -E  conftest.c
configure:4072: $? = 0
configure:4072: result: yes
configure:4072: checking for sys/ioctl.h
configure:4072: result: yes
configure:4072: checking sys/socket.h usability
configure:4072: arm-linux-gnueabi-gcc -c -g -O2  conftest.c >&5
configure:4072: $? = 0
configure:4072: result: yes
configure:4072: checking sys/socket.h presence
configure:4072: arm-linux-gnueabi-gcc -E  conftest.c
configure:4072: $? = 0
configure:4072: result: yes
configure:4072: checking for sys/socket.h
configure:4072: result: yes
configure:4072: checking sys/time.h usability
configure:4072: arm-linux-gnueabi-gcc -c -g -O2  conftest.c >&5
configure:4072: $? = 0
configure:4072: result: yes
configure:4072: checking sys/time.h presence
configure:4072: arm-linux-gnueabi-gcc -E  conftest.c
configure:4072: $? = 0
configure:4072: result: yes
configure:4072: checking for sys/time.h
configure:4072: result: yes
configure:4072: checking termios.h usability
configure:4072: arm-linux-gnueabi-gcc -c -g -O2  conftest.c >&5
configure:4072: $? = 0
configure:4072: result: yes
configure:4072: checking termios.h presence
configure:4072: arm-linux-gnueabi-gcc -E  conftest.c
configure:4072: $? = 0
configure:4072: result: yes
configure:4072: checking for termios.h
configure:4072: result: yes
configure:4072: checking for unistd.h
configure:4072: result: yes
configure:4084: checking for pid_t
configure:4084: arm-linux-gnueabi-gcc -c -g -O2  conftest.c >&5
configure:4084: $? = 0
configure:4084: arm-linux-gnueabi-gcc -c -g -O2  conftest.c >&5
conftest.c: In function 'main':
conftest.c:66:20: error: expected expression before ')' token
configure:4084: $? = 1
configure: failed program was:
| /* confdefs.h */
| #define PACKAGE_NAME "embedded"
| #define PACKAGE_TARNAME "embedded"
| #define PACKAGE_VERSION "v1.0"
| #define PACKAGE_STRING "embedded v1.0"
| #define PACKAGE_BUGREPORT "txianb@gmail.com"
| #define PACKAGE_URL ""
| #define PACKAGE "embedded"
| #define VERSION "v1.0"
| #define STDC_HEADERS 1
| #define HAVE_SYS_TYPES_H 1
| #define HAVE_SYS_STAT_H 1
| #define HAVE_STDLIB_H 1
| #define HAVE_STRING_H 1
| #define HAVE_MEMORY_H 1
| #define HAVE_STRINGS_H 1
| #define HAVE_INTTYPES_H 1
| #define HAVE_STDINT_H 1
| #define HAVE_UNISTD_H 1
| #define HAVE_FCNTL_H 1
| #define HAVE_MALLOC_H 1
| #define HAVE_STDLIB_H 1
| #define HAVE_STRING_H 1
| #define HAVE_SYS_IOCTL_H 1
| #define HAVE_SYS_SOCKET_H 1
| #define HAVE_SYS_TIME_H 1
| #define HAVE_TERMIOS_H 1
| #define HAVE_UNISTD_H 1
| /* end confdefs.h.  */
| #include <stdio.h>
| #ifdef HAVE_SYS_TYPES_H
| # include <sys/types.h>
| #endif
| #ifdef HAVE_SYS_STAT_H
| # include <sys/stat.h>
| #endif
| #ifdef STDC_HEADERS
| # include <stdlib.h>
| # include <stddef.h>
| #else
| # ifdef HAVE_STDLIB_H
| #  include <stdlib.h>
| # endif
| #endif
| #ifdef HAVE_STRING_H
| # if !defined STDC_HEADERS && defined HAVE_MEMORY_H
| #  include <memory.h>
| # endif
| # include <string.h>
| #endif
| #ifdef HAVE_STRINGS_H
| # include <strings.h>
| #endif
| #ifdef HAVE_INTTYPES_H
| # include <inttypes.h>
| #endif
| #ifdef HAVE_STDINT_H
| # include <stdint.h>
| #endif
| #ifdef HAVE_UNISTD_H
| # include <unistd.h>
| #endif
| int
| main ()
| {
| if (sizeof ((pid_t)))
| 	    return 0;
|   ;
|   return 0;
| }
configure:4084: result: yes
configure:4099: checking vfork.h usability
configure:4099: arm-linux-gnueabi-gcc -c -g -O2  conftest.c >&5
conftest.c:63:19: fatal error: vfork.h: No such file or directory
compilation terminated.
configure:4099: $? = 1
configure: failed program was:
| /* confdefs.h */
| #define PACKAGE_NAME "embedded"
| #define PACKAGE_TARNAME "embedded"
| #define PACKAGE_VERSION "v1.0"
| #define PACKAGE_STRING "embedded v1.0"
| #define PACKAGE_BUGREPORT "txianb@gmail.com"
| #define PACKAGE_URL ""
| #define PACKAGE "embedded"
| #define VERSION "v1.0"
| #define STDC_HEADERS 1
| #define HAVE_SYS_TYPES_H 1
| #define HAVE_SYS_STAT_H 1
| #define HAVE_STDLIB_H 1
| #define HAVE_STRING_H 1
| #define HAVE_MEMORY_H 1
| #define HAVE_STRINGS_H 1
| #define HAVE_INTTYPES_H 1
| #define HAVE_STDINT_H 1
| #define HAVE_UNISTD_H 1
| #define HAVE_FCNTL_H 1
| #define HAVE_MALLOC_H 1
| #define HAVE_STDLIB_H 1
| #define HAVE_STRING_H 1
| #define HAVE_SYS_IOCTL_H 1
| #define HAVE_SYS_SOCKET_H 1
| #define HAVE_SYS_TIME_H 1
| #define HAVE_TERMIOS_H 1
| #define HAVE_UNISTD_H 1
| /* end confdefs.h.  */
| #include <stdio.h>
| #ifdef HAVE_SYS_TYPES_H
| # include <sys/types.h>
| #endif
| #ifdef HAVE_SYS_STAT_H
| # include <sys/stat.h>
| #endif
| #ifdef STDC_HEADERS
| # include <stdlib.h>
| # include <stddef.h>
| #else
| # ifdef HAVE_STDLIB_H
| #  include <stdlib.h>
| # endif
| #endif
| #ifdef HAVE_STRING_H
| # if !defined STDC_HEADERS && defined HAVE_MEMORY_H
| #  include <memory.h>
| # endif
| # include <string.h>
| #endif
| #ifdef HAVE_STRINGS_H
| # include <strings.h>
| #endif
| #ifdef HAVE_INTTYPES_H
| # include <inttypes.h>
| #endif
| #ifdef HAVE_STDINT_H
| # include <stdint.h>
| #endif
| #ifdef HAVE_UNISTD_H
| # include <unistd.h>
| #endif
| #include <vfork.h>
configure:4099: result: no
configure:4099: checking vfork.h presence
configure:4099: arm-linux-gnueabi-gcc -E  conftest.c
conftest.c:30:19: fatal error: vfork.h: No such file or directory
compilation terminated.
configure:4099: $? = 1
configure: failed program was:
| /* confdefs.h */
| #define PACKAGE_NAME "embedded"
| #define PACKAGE_TARNAME "embedded"
| #define PACKAGE_VERSION "v1.0"
| #define PACKAGE_STRING "embedded v1.0"
| #define PACKAGE_BUGREPORT "txianb@gmail.com"
| #define PACKAGE_URL ""
| #define PACKAGE "embedded"
| #define VERSION "v1.0"
| #define STDC_HEADERS 1
| #define HAVE_SYS_TYPES_H 1
| #define HAVE_SYS_STAT_H 1
| #define HAVE_STDLIB_H 1
| #define HAVE_STRING_H 1
| #define HAVE_MEMORY_H 1
| #define HAVE_STRINGS_H 1
| #define HAVE_INTTYPES_H 1
| #define HAVE_STDINT_H 1
| #define HAVE_UNISTD_H 1
| #define HAVE_FCNTL_H 1
| #define HAVE_MALLOC_H 1
| #define HAVE_STDLIB_H 1
| #define HAVE_STRING_H 1
| #define HAVE_SYS_IOCTL_H 1
| #define HAVE_SYS_SOCKET_H 1
| #define HAVE_SYS_TIME_H 1
| #define HAVE_TERMIOS_H 1
| #define HAVE_UNISTD_H 1
| /* end confdefs.h.  */
| #include <vfork.h>
configure:4099: result: no
configure:4099: checking for vfork.h
configure:4099: result: no
configure:4112: checking for fork
configure:4112: arm-linux-gnueabi-gcc -o conftest -g -O2   conftest.c  >&5
conftest.c:53:6: warning: conflicting types for built-in function 'fork' [enabled by default]
configure:4112: $? = 0
configure:4112: result: yes
configure:4112: checking for vfork
configure:4112: arm-linux-gnueabi-gcc -o conftest -g -O2   conftest.c  >&5
configure:4112: $? = 0
configure:4112: result: yes
configure:4122: checking for working fork
configure:4154: result: cross
configure:4170: WARNING: result yes guessed because of cross compilation
configure:4175: checking for working vfork
configure:4285: result: yes
configure:4316: checking for stdlib.h
configure:4316: result: yes
configure:4316: checking for unistd.h
configure:4316: result: yes
configure:4316: checking for sys/param.h
configure:4316: arm-linux-gnueabi-gcc -c -g -O2  conftest.c >&5
configure:4316: $? = 0
configure:4316: result: yes
configure:4336: checking for getpagesize
configure:4336: arm-linux-gnueabi-gcc -o conftest -g -O2   conftest.c  >&5
configure:4336: $? = 0
configure:4336: result: yes
configure:4345: checking for working mmap
configure:4502: result: no
configure:4514: checking for memset
configure:4514: arm-linux-gnueabi-gcc -o conftest -g -O2   conftest.c  >&5
conftest.c:61:6: warning: conflicting types for built-in function 'memset' [enabled by default]
configure:4514: $? = 0
configure:4514: result: yes
configure:4514: checking for mkfifo
configure:4514: arm-linux-gnueabi-gcc -o conftest -g -O2   conftest.c  >&5
configure:4514: $? = 0
configure:4514: result: yes
configure:4514: checking for munmap
configure:4514: arm-linux-gnueabi-gcc -o conftest -g -O2   conftest.c  >&5
configure:4514: $? = 0
configure:4514: result: yes
configure:4514: checking for socket
configure:4514: arm-linux-gnueabi-gcc -o conftest -g -O2   conftest.c  >&5
configure:4514: $? = 0
configure:4514: result: yes
configure:4656: creating ./config.status

## ---------------------- ##
## Running config.status. ##
## ---------------------- ##

This file was extended by embedded config.status v1.0, which was
generated by GNU Autoconf 2.68.  Invocation command line was

  CONFIG_FILES    = 
  CONFIG_HEADERS  = 
  CONFIG_LINKS    = 
  CONFIG_COMMANDS = 
  $ ./config.status 

on xianb

config.status:885: creating Makefile
config.status:885: creating fifo/Makefile
config.status:885: creating unix_socket/Makefile
config.status:885: creating mmap/Makefile
config.status:885: creating systemv/Makefile
config.status:885: creating config.h
config.status:1066: config.h is unchanged
config.status:1114: executing depfiles commands

## ---------------- ##
## Cache variables. ##
## ---------------- ##

ac_cv_c_compiler_gnu=yes
ac_cv_env_CC_set=
ac_cv_env_CC_value=
ac_cv_env_CFLAGS_set=
ac_cv_env_CFLAGS_value=
ac_cv_env_CPPFLAGS_set=
ac_cv_env_CPPFLAGS_value=
ac_cv_env_CPP_set=
ac_cv_env_CPP_value=
ac_cv_env_LDFLAGS_set=
ac_cv_env_LDFLAGS_value=
ac_cv_env_LIBS_set=
ac_cv_env_LIBS_value=
ac_cv_env_build_alias_set=
ac_cv_env_build_alias_value=
ac_cv_env_host_alias_set=set
ac_cv_env_host_alias_value=arm-linux-gnueabi
ac_cv_env_target_alias_set=
ac_cv_env_target_alias_value=
ac_cv_func_fork=yes
ac_cv_func_fork_works=yes
ac_cv_func_getpagesize=yes
ac_cv_func_memset=yes
ac_cv_func_mkfifo=yes
ac_cv_func_mmap_fixed_mapped=no
ac_cv_func_munmap=yes
ac_cv_func_socket=yes
ac_cv_func_vfork=yes
ac_cv_func_vfork_works=yes
ac_cv_header_fcntl_h=yes
ac_cv_header_inttypes_h=yes
ac_cv_header_malloc_h=yes
ac_cv_header_memory_h=yes
ac_cv_header_stdc=yes
ac_cv_header_stdint_h=yes
ac_cv_header_stdlib_h=yes
ac_cv_header_string_h=yes
ac_cv_header_strings_h=yes
ac_cv_header_sys_ioctl_h=yes
ac_cv_header_sys_param_h=yes
ac_cv_header_sys_socket_h=yes
ac_cv_header_sys_stat_h=yes
ac_cv_header_sys_time_h=yes
ac_cv_header_sys_types_h=yes
ac_cv_header_termios_h=yes
ac_cv_header_unistd_h=yes
ac_cv_header_vfork_h=no
ac_cv_objext=o
ac_cv_path_EGREP='/bin/grep -E'
ac_cv_path_GREP=/bin/grep
ac_cv_path_install='/usr/bin/install -c'
ac_cv_path_mkdir=/bin/mkdir
ac_cv_prog_AWK=mawk
ac_cv_prog_CC=arm-linux-gnueabi-gcc
ac_cv_prog_CPP='arm-linux-gnueabi-gcc -E'
ac_cv_prog_STRIP=arm-linux-gnueabi-strip
ac_cv_prog_cc_c89=
ac_cv_prog_cc_g=yes
ac_cv_prog_make_make_set=yes
ac_cv_type_pid_t=yes
am_cv_CC_dependencies_compiler_type=gcc3

## ----------------- ##
## Output variables. ##
## ----------------- ##

ACLOCAL='${SHELL} /home/xianb/WorkSpace/embedded_system/src/missing --run aclocal-1.11'
AMDEPBACKSLASH='\'
AMDEP_FALSE='#'
AMDEP_TRUE=''
AMTAR='$${TAR-tar}'
AUTOCONF='${SHELL} /home/xianb/WorkSpace/embedded_system/src/missing --run autoconf'
AUTOHEADER='${SHELL} /home/xianb/WorkSpace/embedded_system/src/missing --run autoheader'
AUTOMAKE='${SHELL} /home/xianb/WorkSpace/embedded_system/src/missing --run automake-1.11'
AWK='mawk'
CC='arm-linux-gnueabi-gcc'
CCDEPMODE='depmode=gcc3'
CFLAGS='-g -O2'
CPP='arm-linux-gnueabi-gcc -E'
CPPFLAGS=''
CYGPATH_W='echo'
DEFS='-DHAVE_CONFIG_H'
DEPDIR='.deps'
ECHO_C=''
ECHO_N='-n'
ECHO_T=''
EGREP='/bin/grep -E'
EXEEXT=''
GREP='/bin/grep'
INSTALL_DATA='${INSTALL} -m 644'
INSTALL_PROGRAM='${INSTALL}'
INSTALL_SCRIPT='${INSTALL}'
INSTALL_STRIP_PROGRAM='$(install_sh) -c -s'
LDFLAGS=''
LIBOBJS=''
LIBS=''
LTLIBOBJS=''
MAKEINFO='${SHELL} /home/xianb/WorkSpace/embedded_system/src/missing --run makeinfo'
MKDIR_P='/bin/mkdir -p'
OBJEXT='o'
PACKAGE='embedded'
PACKAGE_BUGREPORT='txianb@gmail.com'
PACKAGE_NAME='embedded'
PACKAGE_STRING='embedded v1.0'
PACKAGE_TARNAME='embedded'
PACKAGE_URL=''
PACKAGE_VERSION='v1.0'
PATH_SEPARATOR=':'
SET_MAKE=''
SHELL='/bin/bash'
STRIP='arm-linux-gnueabi-strip'
VERSION='v1.0'
ac_ct_CC=''
am__EXEEXT_FALSE=''
am__EXEEXT_TRUE='#'
am__fastdepCC_FALSE='#'
am__fastdepCC_TRUE=''
am__include='include'
am__isrc=''
am__leading_dot='.'
am__nodep='_no'
am__quote=''
am__tar='$${TAR-tar} chof - "$$tardir"'
am__untar='$${TAR-tar} xf -'
bindir='${exec_prefix}/bin'
build_alias=''
datadir='${datarootdir}'
datarootdir='${prefix}/share'
docdir='${datarootdir}/doc/${PACKAGE_TARNAME}'
dvidir='${docdir}'
exec_prefix='${prefix}'
host_alias='arm-linux-gnueabi'
htmldir='${docdir}'
includedir='${prefix}/include'
infodir='${datarootdir}/info'
install_sh='${SHELL} /home/xianb/WorkSpace/embedded_system/src/install-sh'
libdir='${exec_prefix}/lib'
libexecdir='${exec_prefix}/libexec'
localedir='${datarootdir}/locale'
localstatedir='${prefix}/var'
mandir='${datarootdir}/man'
mkdir_p='/bin/mkdir -p'
oldincludedir='/usr/include'
pdfdir='${docdir}'
prefix='/home/xianb/WorkSpace/nfs'
program_transform_name='s,x,x,'
psdir='${docdir}'
sbindir='${exec_prefix}/sbin'
sharedstatedir='${prefix}/com'
sysconfdir='${prefix}/etc'
target_alias=''

## ----------- ##
## confdefs.h. ##
## ----------- ##

/* confdefs.h */
#define PACKAGE_NAME "embedded"
#define PACKAGE_TARNAME "embedded"
#define PACKAGE_VERSION "v1.0"
#define PACKAGE_STRING "embedded v1.0"
#define PACKAGE_BUGREPORT "txianb@gmail.com"
#define PACKAGE_URL ""
#define PACKAGE "embedded"
#define VERSION "v1.0"
#define STDC_HEADERS 1
#define HAVE_SYS_TYPES_H 1
#define HAVE_SYS_STAT_H 1
#define HAVE_STDLIB_H 1
#define HAVE_STRING_H 1
#define HAVE_MEMORY_H 1
#define HAVE_STRINGS_H 1
#define HAVE_INTTYPES_H 1
#define HAVE_STDINT_H 1
#define HAVE_UNISTD_H 1
#define HAVE_FCNTL_H 1
#define HAVE_MALLOC_H 1
#define HAVE_STDLIB_H 1
#define HAVE_STRING_H 1
#define HAVE_SYS_IOCTL_H 1
#define HAVE_SYS_SOCKET_H 1
#define HAVE_SYS_TIME_H 1
#define HAVE_TERMIOS_H 1
#define HAVE_UNISTD_H 1
#define HAVE_FORK 1
#define HAVE_VFORK 1
#define HAVE_WORKING_VFORK 1
#define HAVE_WORKING_FORK 1
#define HAVE_STDLIB_H 1
#define HAVE_UNISTD_H 1
#define HAVE_SYS_PARAM_H 1
#define HAVE_GETPAGESIZE 1
#define HAVE_MEMSET 1
#define HAVE_MKFIFO 1
#define HAVE_MUNMAP 1
#define HAVE_SOCKET 1

configure: exit 0
